<?xml version="1.0" encoding="UTF-8"?>
<testsuite name="org.example.MainTest" tests="2" skipped="0" failures="0" errors="0" timestamp="2025-03-10T21:54:18" hostname="DESKTOP-81PDA85" time="0.027">
  <properties/>
  <testcase name="testListNotEmpty()" classname="org.example.MainTest" time="0.021"/>
  <testcase name="testListSize()" classname="org.example.MainTest" time="0.004"/>
  <system-out><![CDATA[]]></system-out>
  <system-err><![CDATA[]]></system-err>
</testsuite>
