<?xml version="1.0" encoding="UTF-8"?>
<testsuite name="org.lab2.MainTest" tests="2" skipped="0" failures="0" errors="0" timestamp="2025-03-04T06:55:49" hostname="DESKTOP-81PDA85" time="0.033">
  <properties/>
  <testcase name="testListNotEmpty()" classname="org.lab2.MainTest" time="0.027"/>
  <testcase name="testListSize()" classname="org.lab2.MainTest" time="0.003"/>
  <system-out><![CDATA[]]></system-out>
  <system-err><![CDATA[]]></system-err>
</testsuite>
